Performing C SOURCE FILE Test CMAKE_HAVE_LIBC_PTHREAD failed with the following output:
Change Dir: /home/data/test/tensor_core_gemm/build/CMakeFiles/CMakeTmp

Run Build Command(s):/usr/bin/ninja cmTC_0e32b && [1/2] Building C object CMakeFiles/cmTC_0e32b.dir/src.c.o
[2/2] Linking C executable cmTC_0e32b
FAILED: cmTC_0e32b 
: && /usr/bin/gcc -fPIC -DCMAKE_HAVE_LIBC_PTHREAD   CMakeFiles/cmTC_0e32b.dir/src.c.o  -o cmTC_0e32b   && :
/usr/local/bin/ld: CMakeFiles/cmTC_0e32b.dir/src.c.o: in function `main':
src.c:(.text+0x2f): undefined reference to `pthread_create'
/usr/local/bin/ld: src.c:(.text+0x3b): undefined reference to `pthread_detach'
/usr/local/bin/ld: src.c:(.text+0x4c): undefined reference to `pthread_join'
/usr/local/bin/ld: src.c:(.text+0x60): undefined reference to `pthread_atfork'
collect2: error: ld returned 1 exit status
ninja: build stopped: subcommand failed.


Source file was:
#include <pthread.h>

void* test_func(void* data)
{
  return data;
}

int main(void)
{
  pthread_t thread;
  pthread_create(&thread, NULL, test_func, NULL);
  pthread_detach(thread);
  pthread_join(thread, NULL);
  pthread_atfork(NULL, NULL, NULL);
  pthread_exit(NULL);

  return 0;
}

Determining if the function pthread_create exists in the pthreads failed with the following output:
Change Dir: /home/data/test/tensor_core_gemm/build/CMakeFiles/CMakeTmp

Run Build Command(s):/usr/bin/ninja cmTC_df30b && [1/2] Building C object CMakeFiles/cmTC_df30b.dir/CheckFunctionExists.c.o
[2/2] Linking C executable cmTC_df30b
FAILED: cmTC_df30b 
: && /usr/bin/gcc -fPIC -DCHECK_FUNCTION_EXISTS=pthread_create   CMakeFiles/cmTC_df30b.dir/CheckFunctionExists.c.o  -o cmTC_df30b  -lpthreads && :
/usr/local/bin/ld: cannot find -lpthreads
collect2: error: ld returned 1 exit status
ninja: build stopped: subcommand failed.



